<?xml version="1.0" encoding="UTF-8"?>
<!-- Generated by org.testng.reporters.JUnitReportReporter -->
<testsuite skipped="0" hostname="P2B-6C66NK2" name="Describe.Describe.Demo07_Excel" tests="1" failures="0" timestamp="09 Sep 2018 03:51:47 GMT" time="10.179" errors="0">
  <testcase name="f" time="10.179" classname="Describe.Describe.Demo07_Excel"/>
</testsuite> <!-- Describe.Describe.Demo07_Excel -->
