<?xml version="1.0" encoding="UTF-8"?>
<!-- Generated by org.testng.reporters.JUnitReportReporter -->
<testsuite skipped="0" hostname="P2B-6C66NK2" name="Describe.Describe.Demo02" tests="1" failures="0" timestamp="08 Sep 2018 09:32:35 GMT" time="0.004" errors="0">
  <testcase name="f" time="0.004" classname="Describe.Describe.Demo02"/>
</testsuite> <!-- Describe.Describe.Demo02 -->
