<?xml version="1.0" encoding="UTF-8"?>
<!-- Generated by org.testng.reporters.JUnitReportReporter -->
<testsuite skipped="0" hostname="P2B-6C66NK2" name="com.accenture.test.LoginTest" tests="1" failures="0" timestamp="09 Sep 2018 05:29:31 GMT" time="6.142" errors="0">
  <testcase name="Logintest" time="6.142" classname="com.accenture.test.LoginTest"/>
</testsuite> <!-- com.accenture.test.LoginTest -->
